  *******************************************
  *                                         *
  *        W E L C O M E  to  R O O T       *
  *                                         *
  *   Version   5.02/00      28 June 2005   *
  *                                         *
  *  You are welcome to visit our Web site  *
  *          http://root.cern.ch            *
  *                                         *
  *******************************************

FreeType Engine v2.1.9 used to render TrueType fonts.
Compiled on 21 July 2005 for linux with thread support.

CINT/ROOT C/C++ Interpreter version 5.16.1, Jun3 20 2005
Type ? for help. Commands must be C++ statements.
Enclose multiple statements between { }.

Welcome to the ROOT tutorials


Type ".x demos.C" to get a toolbar from which to execute the demos

Type ".x demoshelp.C" to see the help window


Processing run_g3.C...
Loading Geant3 libraries ...
Loading Geant3 libraries ... finished

 MZSTOR.  ZEBRA table base TAB(0) in /MZCC/ at adr   279736239    10AC6FAF HEX

 MZSTOR.  Initialize Store  0  in /GCBANK/
          with Store/Table at absolute adrs   279758789   279736239
                                        HEX    10ACC7C5    10AC6FAF
                                        HEX        5662           0
                              relative adrs       22114           0
          with     1 Str. in     2 Links in   5300 Low words in 4999970 words.
          This store has a fence of   16 words.

 MZLOGL.  Set Log Level 0 for store  0
1*****  GEANT Version  3.21/11 Released on 100298
0*****  Correction Cradle Version  0.1100

 MZDIV.   Initialize Division  Constant  in Store  0
          NW/NWMAX=   20004000000,  MODE/KIND=  1  2
          Division 20 initialized.

 MZLINK.  Initialize Link Area  /GCLINK/  for Store  0 NL/NS=    20    20

 MZLINK.  Initialize Link Area  /GCSLNK/  for Store  0 NL/NS=   100   100
Geant3 has been created.
Geometry will be defined via VMC
 GGCLOS: Start automatic volume ordering:

 MZLINK.  Initialize Link Area  /GCHVIR/  for Store  0 NL/NS=     4     1

 MZLINK.  Initialize Link Area  /GCDINA/  for Store  0 NL/NS=     4     4

 Calculating cross section tables, see gphysi.dat for more information

 Cross section calculation concluded successfully
 **** GTRIGI: IEVENT=      1 IDEVT=      1 Random Seeds =      65539           0

Starting new track
Track -200 0 0  in EXPH  ArgonGas
Track -160 0 4.00002  in EXPH  ArgonGas
Track -160 0 4.00002  in TRTU  Aluminium
Track -39.9998 0 16  in TRTU  Aluminium
Track -39.9998 0 16  in EXPH  ArgonGas
Track 0.00016287 0 20  in EXPH  ArgonGas
Track 0.00016287 0 20  in CALB  Lead
Track 9.0002 0 20.9  in CALB  Lead
Track 9.0002 0 20.9  in LAYB  Aluminium
Track 11.0002 0 21.1  in LAYB  Aluminium
Track 11.0002 0 21.1  in CALB  Lead
Track 19.0002 0 21.9  in CALB  Lead
Track 19.0002 0 21.9  in LAYB  Aluminium
Track 21.0002 0 22.1  in LAYB  Aluminium
Track 21.0002 0 22.1  in CALB  Lead
Track 29.0002 0 22.9  in CALB  Lead
Track 29.0002 0 22.9  in LAYB  Aluminium
Track 31.0002 0 23.1  in LAYB  Aluminium
Track 31.0002 0 23.1  in CALB  Lead
Track 39.0002 0 23.9  in CALB  Lead
Track 39.0002 0 23.9  in LAYB  Aluminium
Track 41.0002 0 24.1  in LAYB  Aluminium
Track 41.0002 0 24.1  in CALB  Lead
Track 49.0002 0 24.9  in CALB  Lead
Track 49.0002 0 24.9  in LAYB  Aluminium
Track 51.0002 0 25.1  in LAYB  Aluminium
Track 51.0002 0 25.1  in CALB  Lead
Track 59.0003 0 25.9  in CALB  Lead
Track 59.0003 0 25.9  in LAYB  Aluminium
Track 61.0003 0 26.1  in LAYB  Aluminium
Track 61.0003 0 26.1  in CALB  Lead
Track 69.0003 0 26.9  in CALB  Lead
Track 69.0003 0 26.9  in LAYB  Aluminium
Track 71.0003 0 27.1  in LAYB  Aluminium
Track 71.0003 0 27.1  in CALB  Lead
Track 79.0003 0 27.9  in CALB  Lead
Track 79.0003 0 27.9  in LAYB  Aluminium
Track 81.0003 0 28.1  in LAYB  Aluminium
Track 81.0003 0 28.1  in CALB  Lead
Track 89.0003 0 28.9  in CALB  Lead
Track 89.0003 0 28.9  in LAYB  Aluminium
Track 91.0003 0 29.1  in LAYB  Aluminium
Track 91.0003 0 29.1  in CALB  Lead
Track 99.0003 0 29.9  in CALB  Lead
Track 99.0003 0 29.9  in LAYB  Aluminium
Track 101 0 30.1  in LAYB  Aluminium
Track 101 0 30.1  in CALB  Lead
Track 109 0 30.9  in CALB  Lead
Track 109 0 30.9  in LAYB  Aluminium
Track 111 0 31.1  in LAYB  Aluminium
Track 111 0 31.1  in CALB  Lead
Track 119 0 31.9  in CALB  Lead
Track 119 0 31.9  in LAYB  Aluminium
Track 121 0 32.1  in LAYB  Aluminium
Track 121 0 32.1  in CALB  Lead
Track 129 0 32.9  in CALB  Lead
Track 129 0 32.9  in LAYB  Aluminium
Track 131 0 33.1  in LAYB  Aluminium
Track 131 0 33.1  in CALB  Lead
Track 139 0 33.9  in CALB  Lead
Track 139 0 33.9  in LAYB  Aluminium
Track 141 0 34.1  in LAYB  Aluminium
Track 141 0 34.1  in CALB  Lead
Track 149 0 34.9  in CALB  Lead
Track 149 0 34.9  in LAYB  Aluminium
Track 151 0 35.1  in LAYB  Aluminium
Track 151 0 35.1  in CALB  Lead
Track 159 0 35.9  in CALB  Lead
Track 159 0 35.9  in LAYB  Aluminium
Track 161 0 36.1  in LAYB  Aluminium
Track 161 0 36.1  in CALB  Lead
Track 169 0 36.9  in CALB  Lead
Track 169 0 36.9  in LAYB  Aluminium
Track 171 0 37.1  in LAYB  Aluminium
Track 171 0 37.1  in CALB  Lead
Track 179 0 37.9  in CALB  Lead
Track 179 0 37.9  in LAYB  Aluminium
Track 181 0 38.1  in LAYB  Aluminium
Track 181 0 38.1  in CALB  Lead
Track 189 0 38.9  in CALB  Lead
Track 189 0 38.9  in LAYB  Aluminium
Track 191 0 39.1  in LAYB  Aluminium
Track 191 0 39.1  in CALB  Lead
Track 200 0 40  in CALB  Lead
Track 200 0 40  in EXPH  ArgonGas
Track 300 0 50  in EXPH  ArgonGas

Starting new track
Track -200 0 0  in EXPH  ArgonGas
Track -159.865 4.01346 0  in EXPH  ArgonGas
Track -159.865 4.01346 0  in TRTU  Aluminium
Track -42.1144 15.7886 0  in TRTU  Aluminium
Track -42.1144 15.7886 0  in EXPH  ArgonGas
Track 0.000160115 20 0  in EXPH  ArgonGas
Track 0.000160115 20 0  in CALB  Lead
Track 9.0002 20.9 0  in CALB  Lead
Track 9.0002 20.9 0  in LAYB  Aluminium
Track 11.0002 21.1 0  in LAYB  Aluminium
Track 11.0002 21.1 0  in CALB  Lead
Track 19.0002 21.9 0  in CALB  Lead
Track 19.0002 21.9 0  in LAYB  Aluminium
Track 21.0002 22.1 0  in LAYB  Aluminium
Track 21.0002 22.1 0  in CALB  Lead
Track 29.0002 22.9 0  in CALB  Lead
Track 29.0002 22.9 0  in LAYB  Aluminium
Track 31.0002 23.1 0  in LAYB  Aluminium
Track 31.0002 23.1 0  in CALB  Lead
Track 39.0002 23.9 0  in CALB  Lead
Track 39.0002 23.9 0  in LAYB  Aluminium
Track 41.0002 24.1 0  in LAYB  Aluminium
Track 41.0002 24.1 0  in CALB  Lead
Track 49.0002 24.9 0  in CALB  Lead
Track 49.0002 24.9 0  in LAYB  Aluminium
Track 51.0002 25.1 0  in LAYB  Aluminium
Track 51.0002 25.1 0  in CALB  Lead
Track 59.0003 25.9 0  in CALB  Lead
Track 59.0003 25.9 0  in LAYB  Aluminium
Track 61.0003 26.1 0  in LAYB  Aluminium
Track 61.0003 26.1 0  in CALB  Lead
Track 69.0003 26.9 0  in CALB  Lead
Track 69.0003 26.9 0  in LAYB  Aluminium
Track 71.0003 27.1 0  in LAYB  Aluminium
Track 71.0003 27.1 0  in CALB  Lead
Track 79.0003 27.9 0  in CALB  Lead
Track 79.0003 27.9 0  in LAYB  Aluminium
Track 81.0003 28.1 0  in LAYB  Aluminium
Track 81.0003 28.1 0  in CALB  Lead
Track 89.0003 28.9 0  in CALB  Lead
Track 89.0003 28.9 0  in LAYB  Aluminium
Track 91.0003 29.1 0  in LAYB  Aluminium
Track 91.0003 29.1 0  in CALB  Lead
Track 99.0003 29.9 0  in CALB  Lead
Track 99.0003 29.9 0  in LAYB  Aluminium
Track 101 30.1 0  in LAYB  Aluminium
Track 101 30.1 0  in CALB  Lead
Track 109 30.9 0  in CALB  Lead
Track 109 30.9 0  in LAYB  Aluminium
Track 111 31.1 0  in LAYB  Aluminium
Track 111 31.1 0  in CALB  Lead
Track 119 31.9 0  in CALB  Lead
Track 119 31.9 0  in LAYB  Aluminium
Track 121 32.1 0  in LAYB  Aluminium
Track 121 32.1 0  in CALB  Lead
Track 129 32.9 0  in CALB  Lead
Track 129 32.9 0  in LAYB  Aluminium
Track 131 33.1 0  in LAYB  Aluminium
Track 131 33.1 0  in CALB  Lead
Track 139 33.9 0  in CALB  Lead
Track 139 33.9 0  in LAYB  Aluminium
Track 141 34.1 0  in LAYB  Aluminium
Track 141 34.1 0  in CALB  Lead
Track 149 34.9 0  in CALB  Lead
Track 149 34.9 0  in LAYB  Aluminium
Track 151 35.1 0  in LAYB  Aluminium
Track 151 35.1 0  in CALB  Lead
Track 159 35.9 0  in CALB  Lead
Track 159 35.9 0  in LAYB  Aluminium
Track 161 36.1 0  in LAYB  Aluminium
Track 161 36.1 0  in CALB  Lead
Track 169 36.9 0  in CALB  Lead
Track 169 36.9 0  in LAYB  Aluminium
Track 171 37.1 0  in LAYB  Aluminium
Track 171 37.1 0  in CALB  Lead
Track 179 37.9 0  in CALB  Lead
Track 179 37.9 0  in LAYB  Aluminium
Track 181 38.1 0  in LAYB  Aluminium
Track 181 38.1 0  in CALB  Lead
Track 189 38.9 0  in CALB  Lead
Track 189 38.9 0  in LAYB  Aluminium
Track 191 39.1 0  in LAYB  Aluminium
Track 191 39.1 0  in CALB  Lead
Track 200 40 0  in CALB  Lead
Track 200 40 0  in EXPH  ArgonGas
Track 300 50 0  in EXPH  ArgonGas

Starting new track
Track -200 0 0  in EXPH  ArgonGas
Track -160 0 0  in EXPH  ArgonGas
Track -160 0 0  in TRTU  Aluminium
Track -39.9998 0 0  in TRTU  Aluminium
Track -39.9998 0 0  in EXPH  ArgonGas
Track 0.000167847 0 0  in EXPH  ArgonGas
Track 0.000167847 0 0  in CALB  Lead
Track 9.0002 0 0  in CALB  Lead
Track 9.0002 0 0  in LAYB  Aluminium
Track 11.0002 0 0  in LAYB  Aluminium
Track 11.0002 0 0  in CALB  Lead
Track 19.0002 0 0  in CALB  Lead
Track 19.0002 0 0  in LAYB  Aluminium
Track 21.0002 0 0  in LAYB  Aluminium
Track 21.0002 0 0  in CALB  Lead
Track 29.0002 0 0  in CALB  Lead
Track 29.0002 0 0  in LAYB  Aluminium
Track 31.0002 0 0  in LAYB  Aluminium
Track 31.0002 0 0  in CALB  Lead
Track 39.0002 0 0  in CALB  Lead
Track 39.0002 0 0  in LAYB  Aluminium
Track 41.0002 0 0  in LAYB  Aluminium
Track 41.0002 0 0  in CALB  Lead
Track 49.0002 0 0  in CALB  Lead
Track 49.0002 0 0  in LAYB  Aluminium
Track 51.0002 0 0  in LAYB  Aluminium
Track 51.0002 0 0  in CALB  Lead
Track 59.0003 0 0  in CALB  Lead
Track 59.0003 0 0  in LAYB  Aluminium
Track 61.0003 0 0  in LAYB  Aluminium
Track 61.0003 0 0  in CALB  Lead
Track 69.0003 0 0  in CALB  Lead
Track 69.0003 0 0  in LAYB  Aluminium
Track 71.0003 0 0  in LAYB  Aluminium
Track 71.0003 0 0  in CALB  Lead
Track 79.0003 0 0  in CALB  Lead
Track 79.0003 0 0  in LAYB  Aluminium
Track 81.0003 0 0  in LAYB  Aluminium
Track 81.0003 0 0  in CALB  Lead
Track 89.0003 0 0  in CALB  Lead
Track 89.0003 0 0  in LAYB  Aluminium
Track 91.0003 0 0  in LAYB  Aluminium
Track 91.0003 0 0  in CALB  Lead
Track 99.0003 0 0  in CALB  Lead
Track 99.0003 0 0  in LAYB  Aluminium
Track 101 0 0  in LAYB  Aluminium
Track 101 0 0  in CALB  Lead
Track 109 0 0  in CALB  Lead
Track 109 0 0  in LAYB  Aluminium
Track 111 0 0  in LAYB  Aluminium
Track 111 0 0  in CALB  Lead
Track 119 0 0  in CALB  Lead
Track 119 0 0  in LAYB  Aluminium
Track 121 0 0  in LAYB  Aluminium
Track 121 0 0  in CALB  Lead
Track 129 0 0  in CALB  Lead
Track 129 0 0  in LAYB  Aluminium
Track 131 0 0  in LAYB  Aluminium
Track 131 0 0  in CALB  Lead
Track 139 0 0  in CALB  Lead
Track 139 0 0  in LAYB  Aluminium
Track 141 0 0  in LAYB  Aluminium
Track 141 0 0  in CALB  Lead
Track 149 0 0  in CALB  Lead
Track 149 0 0  in LAYB  Aluminium
Track 151 0 0  in LAYB  Aluminium
Track 151 0 0  in CALB  Lead
Track 159 0 0  in CALB  Lead
Track 159 0 0  in LAYB  Aluminium
Track 161 0 0  in LAYB  Aluminium
Track 161 0 0  in CALB  Lead
Track 169 0 0  in CALB  Lead
Track 169 0 0  in LAYB  Aluminium
Track 171 0 0  in LAYB  Aluminium
Track 171 0 0  in CALB  Lead
Track 179 0 0  in CALB  Lead
Track 179 0 0  in LAYB  Aluminium
Track 181 0 0  in LAYB  Aluminium
Track 181 0 0  in CALB  Lead
Track 189 0 0  in CALB  Lead
Track 189 0 0  in LAYB  Aluminium
Track 191 0 0  in LAYB  Aluminium
Track 191 0 0  in CALB  Lead
Track 200 0 0  in CALB  Lead
Track 200 0 0  in EXPH  ArgonGas
Track 300 0 0  in EXPH  ArgonGas

This is the end of ROOT -- Goodbye

