  *******************************************
  *                                         *
  *        W E L C O M E  to  R O O T       *
  *                                         *
  *   Version   3.03/06      18 July 2002   *
  *                                         *
  *  You are welcome to visit our Web site  *
  *          http://root.cern.ch            *
  *                                         *
  *******************************************

Compiled for linux.

CINT/ROOT C/C++ Interpreter version 5.15.45, June 18 2002
Type ? for help. Commands must be C++ statements.
Enclose multiple statements between { }.

Processing run_g4.C...
Loading Geant4 granular libraries ...
Loading Geant4 granular libraries ... finished
**********************************************
 Geant4 version $Name: geant4-04-01-patch-01 $
                                (31-Jul-2002)
             Copyright : Geant4 Collaboration
**********************************************
Visualization Manager instantiating...
Visualization Manager initialising...
Registering graphics systems...
Geant4 has been created.
Particle maps have been filled.

phot:  Total cross sections from Sandia parametrisation. 
MuonMinusCaptureAtRest is created 
kMCApplicationField
G4ggclos: setting top-level VolTableEntry
Instantiated 4 volume table entries 
                      21 positions.
G4 Stat: instantiated 4 logical volumes 
                      21 physical volumes
### General physics constructed.
### Electromagnetic physics constructed.
### Muon physics constructed.
### Ion physics constructed.
### Hadron physics constructed.

compt:  Total cross sections from a parametrisation. Good description from 10 KeV to (100/Z) GeV. 
       Scattered gamma energy according Klein-Nishina.
        PhysicsTables from 1 keV to 100 GeV in 80 bins. 

conv:  Total cross sections from a parametrisation. Good description from 1.5 MeV to 100 GeV for all Z. 
        e+e- energies according Bethe-Heitler
        PhysicsTables from 1.022 MeV to 100 GeV in 100 bins. 

eBrem:  Total cross sections from a NEW parametrisation based on the EEDL data library. 
 Good description from 1 KeV to 100 GeV.
        log scale extrapolation above 100 GeV 
        Gamma energy sampled from a parametrised formula.
        PhysicsTables from 1 keV to 100 TeV in 100 bins. 

eIoni:  delta cross sections from Moller+Bhabha. Good description from 1 KeV to 100 GeV.
        delta ray energy sampled from  differential Xsection.
        PhysicsTables from 1 keV to 100 TeV in 100 bins. 

msc:   Tables of transport mean free paths.
          New model of MSC , computes the lateral 
          displacement of the particle , too.
        PhysicsTables from 100 eV  to 100 TeV in 100 bins. 

annihil:  Total cross section from Heilter formula(annihilation into 2 photons).
        gamma energies sampled according Heitler
        PhysicsTables from 10 keV to 10 TeV in 100 bins. 

annihil:  Total cross section from Heilter formula(annihilation into 2 photons).
        gamma energies sampled according Heitler
        PhysicsTables from 10 keV to 10 TeV in 100 bins. 

hIoni:    Knock-on electron cross sections . 
         Good description above the mean excitation energy.
         delta ray energy sampled from  differential Xsection.
        PhysicsTables from 1 keV to 100 TeV in 100 bins. 

msc:   Tables of transport mean free paths.
          New model of MSC , computes the lateral 
          displacement of the particle , too.
        PhysicsTables from 100 eV  to 100 TeV in 100 bins. 

MuIoni:    Knock-on electron cross sections . 
         Good description above the mean excitation energy.
         delta ray energy sampled from  differential Xsection.
        PhysicsTables from 1 keV to 1000 PeV in 150 bins. 

MuBrems:  theoretical cross section 
          Good description up to 1000 PeV.
    PhysicsTables from 1 keV to 1000 PeV in 150 bins. 

MuPairProd:  theoretical cross sections 
          Good description up to 1000 PeV.
    PhysicsTables from 1 keV to 1000 PeV in 150 bins. 

msc:   Tables of transport mean free paths.
          New model of MSC , computes the lateral 
          displacement of the particle , too.
        PhysicsTables from 100 eV  to 100 TeV in 100 bins. 
============= The cut Energy ==============================
                            gamma              e-    
Cut in range       
           ArgonGas           1 mm            1 mm 
          Aluminium           1 mm            1 mm 
               Lead           1 mm            1 mm 
Cut in energy
           ArgonGas         990 eV          990 eV 
          Aluminium        6.89 keV         597 keV
               Lead         101 keV        1.38 MeV
===================================================
EXPH is not found in /
Sensitive detector /EXPH(1) has been created.
TRTU is not found in /
Sensitive detector /TRTU(2) has been created.
CALB is not found in /
Sensitive detector /CALB(3) has been created.
LAYB is not found in /
Sensitive detector /LAYB(4) has been created.

### No special controls in user limits are set.

**********************************************
    GEANT4 Geometry statistics: 
              4 logical volumes
             21 physical volumes
              3 materials
              3 user limits
              4 sensitive detectors
**********************************************

### Run 0 start.
>>> Event 0

Starting new track
Track -200 0 0  in EXPH
Track -160 0 4  in EXPH
Track -160 0 4  in TRTU
Track -40 0 16  in TRTU
Track -40 0 16  in EXPH
Track -5.9396932e-16 0 20  in EXPH
Track -5.9396932e-16 0 20  in CALB
Track 9 0 20.9  in CALB
Track 9 0 20.9  in LAYB
Track 11 0 21.1  in LAYB
Track 11 0 21.1  in CALB
Track 19 0 21.9  in CALB
Track 19 0 21.9  in LAYB
Track 21 0 22.1  in LAYB
Track 21 0 22.1  in CALB
Track 29 0 22.9  in CALB
Track 29 0 22.9  in LAYB
Track 31 0 23.1  in LAYB
Track 31 0 23.1  in CALB
Track 39 0 23.9  in CALB
Track 39 0 23.9  in LAYB
Track 41 0 24.1  in LAYB
Track 41 0 24.1  in CALB
Track 49 0 24.9  in CALB
Track 49 0 24.9  in LAYB
Track 51 0 25.1  in LAYB
Track 51 0 25.1  in CALB
Track 59 0 25.9  in CALB
Track 59 0 25.9  in LAYB
Track 61 0 26.1  in LAYB
Track 61 0 26.1  in CALB
Track 69 0 26.9  in CALB
Track 69 0 26.9  in LAYB
Track 71 0 27.1  in LAYB
Track 71 0 27.1  in CALB
Track 79 0 27.9  in CALB
Track 79 0 27.9  in LAYB
Track 81 0 28.1  in LAYB
Track 81 0 28.1  in CALB
Track 89 0 28.9  in CALB
Track 89 0 28.9  in LAYB
Track 91 0 29.1  in LAYB
Track 91 0 29.1  in CALB
Track 99 0 29.9  in CALB
Track 99 0 29.9  in LAYB
Track 101 0 30.1  in LAYB
Track 101 0 30.1  in CALB
Track 109 0 30.9  in CALB
Track 109 0 30.9  in LAYB
Track 111 0 31.1  in LAYB
Track 111 0 31.1  in CALB
Track 119 0 31.9  in CALB
Track 119 0 31.9  in LAYB
Track 121 0 32.1  in LAYB
Track 121 0 32.1  in CALB
Track 129 0 32.9  in CALB
Track 129 0 32.9  in LAYB
Track 131 0 33.1  in LAYB
Track 131 0 33.1  in CALB
Track 139 0 33.9  in CALB
Track 139 0 33.9  in LAYB
Track 141 0 34.1  in LAYB
Track 141 0 34.1  in CALB
Track 149 0 34.9  in CALB
Track 149 0 34.9  in LAYB
Track 151 0 35.1  in LAYB
Track 151 0 35.1  in CALB
Track 159 0 35.9  in CALB
Track 159 0 35.9  in LAYB
Track 161 0 36.1  in LAYB
Track 161 0 36.1  in CALB
Track 169 0 36.9  in CALB
Track 169 0 36.9  in LAYB
Track 171 0 37.1  in LAYB
Track 171 0 37.1  in CALB
Track 179 0 37.9  in CALB
Track 179 0 37.9  in LAYB
Track 181 0 38.1  in LAYB
Track 181 0 38.1  in CALB
Track 189 0 38.9  in CALB
Track 189 0 38.9  in LAYB
Track 191 0 39.1  in LAYB
Track 191 0 39.1  in CALB
Track 200 0 40  in CALB
Track 200 0 40  in EXPH
Track 300 0 50  in EXPH

Starting new track
Track -200 0 0  in EXPH
Track -159.86562 4.0134381 0  in EXPH
Track -159.86562 4.0134381 0  in TRTU
Track -42.114579 15.788542 0  in TRTU
Track -42.114579 15.788542 0  in EXPH
Track 1.0635937e-14 20 0  in EXPH
Track 1.0635937e-14 20 0  in CALB
Track 9 20.9 0  in CALB
Track 9 20.9 0  in LAYB
Track 11 21.1 0  in LAYB
Track 11 21.1 0  in CALB
Track 19 21.9 0  in CALB
Track 19 21.9 0  in LAYB
Track 21 22.1 0  in LAYB
Track 21 22.1 0  in CALB
Track 29 22.9 0  in CALB
Track 29 22.9 0  in LAYB
Track 31 23.1 0  in LAYB
Track 31 23.1 0  in CALB
Track 39 23.9 0  in CALB
Track 39 23.9 0  in LAYB
Track 41 24.1 0  in LAYB
Track 41 24.1 0  in CALB
Track 49 24.9 0  in CALB
Track 49 24.9 0  in LAYB
Track 51 25.1 0  in LAYB
Track 51 25.1 0  in CALB
Track 59 25.9 0  in CALB
Track 59 25.9 0  in LAYB
Track 61 26.1 0  in LAYB
Track 61 26.1 0  in CALB
Track 69 26.9 0  in CALB
Track 69 26.9 0  in LAYB
Track 71 27.1 0  in LAYB
Track 71 27.1 0  in CALB
Track 79 27.9 0  in CALB
Track 79 27.9 0  in LAYB
Track 81 28.1 0  in LAYB
Track 81 28.1 0  in CALB
Track 89 28.9 0  in CALB
Track 89 28.9 0  in LAYB
Track 91 29.1 0  in LAYB
Track 91 29.1 0  in CALB
Track 99 29.9 0  in CALB
Track 99 29.9 0  in LAYB
Track 101 30.1 0  in LAYB
Track 101 30.1 0  in CALB
Track 109 30.9 0  in CALB
Track 109 30.9 0  in LAYB
Track 111 31.1 0  in LAYB
Track 111 31.1 0  in CALB
Track 119 31.9 0  in CALB
Track 119 31.9 0  in LAYB
Track 121 32.1 0  in LAYB
Track 121 32.1 0  in CALB
Track 129 32.9 0  in CALB
Track 129 32.9 0  in LAYB
Track 131 33.1 0  in LAYB
Track 131 33.1 0  in CALB
Track 139 33.9 0  in CALB
Track 139 33.9 0  in LAYB
Track 141 34.1 0  in LAYB
Track 141 34.1 0  in CALB
Track 149 34.9 0  in CALB
Track 149 34.9 0  in LAYB
Track 151 35.1 0  in LAYB
Track 151 35.1 0  in CALB
Track 159 35.9 0  in CALB
Track 159 35.9 0  in LAYB
Track 161 36.1 0  in LAYB
Track 161 36.1 0  in CALB
Track 169 36.9 0  in CALB
Track 169 36.9 0  in LAYB
Track 171 37.1 0  in LAYB
Track 171 37.1 0  in CALB
Track 179 37.9 0  in CALB
Track 179 37.9 0  in LAYB
Track 181 38.1 0  in LAYB
Track 181 38.1 0  in CALB
Track 189 38.9 0  in CALB
Track 189 38.9 0  in LAYB
Track 191 39.1 0  in LAYB
Track 191 39.1 0  in CALB
Track 200 40 0  in CALB
Track 200 40 0  in EXPH
Track 300 50 0  in EXPH

Starting new track
Track -200 0 0  in EXPH
Track -160 0 0  in EXPH
Track -160 0 0  in TRTU
Track -40 0 0  in TRTU
Track -40 0 0  in EXPH
Track 0 0 0  in EXPH
Track 0 0 0  in CALB
Track 9 0 0  in CALB
Track 9 0 0  in LAYB
Track 11 0 0  in LAYB
Track 11 0 0  in CALB
Track 19 0 0  in CALB
Track 19 0 0  in LAYB
Track 21 0 0  in LAYB
Track 21 0 0  in CALB
Track 29 0 0  in CALB
Track 29 0 0  in LAYB
Track 31 0 0  in LAYB
Track 31 0 0  in CALB
Track 39 0 0  in CALB
Track 39 0 0  in LAYB
Track 41 0 0  in LAYB
Track 41 0 0  in CALB
Track 49 0 0  in CALB
Track 49 0 0  in LAYB
Track 51 0 0  in LAYB
Track 51 0 0  in CALB
Track 59 0 0  in CALB
Track 59 0 0  in LAYB
Track 61 0 0  in LAYB
Track 61 0 0  in CALB
Track 69 0 0  in CALB
Track 69 0 0  in LAYB
Track 71 0 0  in LAYB
Track 71 0 0  in CALB
Track 79 0 0  in CALB
Track 79 0 0  in LAYB
Track 81 0 0  in LAYB
Track 81 0 0  in CALB
Track 89 0 0  in CALB
Track 89 0 0  in LAYB
Track 91 0 0  in LAYB
Track 91 0 0  in CALB
Track 99 0 0  in CALB
Track 99 0 0  in LAYB
Track 101 0 0  in LAYB
Track 101 0 0  in CALB
Track 109 0 0  in CALB
Track 109 0 0  in LAYB
Track 111 0 0  in LAYB
Track 111 0 0  in CALB
Track 119 0 0  in CALB
Track 119 0 0  in LAYB
Track 121 0 0  in LAYB
Track 121 0 0  in CALB
Track 129 0 0  in CALB
Track 129 0 0  in LAYB
Track 131 0 0  in LAYB
Track 131 0 0  in CALB
Track 139 0 0  in CALB
Track 139 0 0  in LAYB
Track 141 0 0  in LAYB
Track 141 0 0  in CALB
Track 149 0 0  in CALB
Track 149 0 0  in LAYB
Track 151 0 0  in LAYB
Track 151 0 0  in CALB
Track 159 0 0  in CALB
Track 159 0 0  in LAYB
Track 161 0 0  in LAYB
Track 161 0 0  in CALB
Track 169 0 0  in CALB
Track 169 0 0  in LAYB
Track 171 0 0  in LAYB
Track 171 0 0  in CALB
Track 179 0 0  in CALB
Track 179 0 0  in LAYB
Track 181 0 0  in LAYB
Track 181 0 0  in CALB
Track 189 0 0  in CALB
Track 189 0 0  in LAYB
Track 191 0 0  in LAYB
Track 191 0 0  in CALB
Track 200 0 0  in CALB
Track 200 0 0  in EXPH
Track 300 0 0  in EXPH

>>> End of Event 0
Time of this run:   User=0.02s Real=0.03s Sys=0.01s
Number of events processed: 1
WARNING - Attempt to delete the physical volume store while geometry closed !
WARNING - Attempt to delete the logical volume store while geometry closed !
WARNING - Attempt to delete the solid store while geometry closed !
