  *******************************************
  *                                         *
  *        W E L C O M E  to  R O O T       *
  *                                         *
  *   Version   4.04/02       16 May 2005   *
  *                                         *
  *  You are welcome to visit our Web site  *
  *          http://root.cern.ch            *
  *                                         *
  *******************************************

FreeType Engine v2.1.3 used to render TrueType fonts.
Compiled for linux with thread support.

CINT/ROOT C/C++ Interpreter version 5.15.169, Mar 14 2005
Type ? for help. Commands must be C++ statements.
Enclose multiple statements between { }.

Welcome to the ROOT tutorials


Type ".x demos.C" to get a toolbar from which to execute the demos

Type ".x demoshelp.C" to see the help window


Processing run_g3.C("g3tgeoConfig.C")...
Loading Geant3 libraries ...
Loading Geant3 libraries ... finished

 MZSTOR.  ZEBRA table base TAB(0) in /MZCC/ at adr   279556855    10A9B2F7 HEX

 MZSTOR.  Initialize Store  0  in /GCBANK/
          with Store/Table at absolute adrs   279579405   279556855
                                        HEX    10AA0B0D    10A9B2F7
                                        HEX        5662           0
                              relative adrs       22114           0
          with     1 Str. in     2 Links in   5300 Low words in 4999970 words.
          This store has a fence of   16 words.

 MZLOGL.  Set Log Level 0 for store  0
1*****  GEANT Version  3.21/11 Released on 100298
0*****  Correction Cradle Version  0.1100

 MZDIV.   Initialize Division  Constant  in Store  0
          NW/NWMAX=   20004000000,  MODE/KIND=  1  2
          Division 20 initialized.

 MZLINK.  Initialize Link Area  /GCLINK/  for Store  0 NL/NS=    20    20

 MZLINK.  Initialize Link Area  /GCSLNK/  for Store  0 NL/NS=   100   100
LoadAddress
Geant3TGeo has been created.
Geometry will be defined via TGeo
Geometry TGeo, Root geometry manager created
Top volume is WRLD. Master volume is WRLD
List of materials :
Fixing runtime shapes...
 --- nothing to fix
Counting nodes...
Voxelizing...
Building caches for nodes and matrices...
--- node ID tracking disabled
### 3 nodes/ 3 volume UID's in Root geometry manager
----------------modeler ready----------------
gMC->SetCerenkov 
gMC->SetCerenkov done 
Warning in <TGeant3TGeo::SetMaterialProperty>: New function - not yet implemented.
Warning in <TGeant3TGeo::SetMaterialProperty>: New function - not yet implemented.
Warning in <TGeant3TGeo::SetMaterialProperty>: New function - not yet implemented.
Warning in <TGeant3TGeo::SetMaterialProperty>: New function - not yet implemented.
Warning in <TGeant3TGeo::SetMaterialProperty>: New function - not yet implemented.
Warning in <TGeant3TGeo::SetMaterialProperty>: New function - not yet implemented.
Warning in <TGeant3TGeo::SetMaterialProperty>: New function - not yet implemented.
Warning in <TGeant3TGeo::DefineOpSurface>: New function - not yet implemented.
Warning in <TGeant3TGeo::SetBorderSurface>: New function - not yet implemented.
Warning in <TGeant3TGeo::DefineOpSurface>: New function - not yet implemented.
Warning in <TGeant3TGeo::SetSkinSurface>: New function - not yet implemented.
Warning in <TGeant3TGeo::SetMaterialProperty>: New function - not yet implemented.
Warning in <TGeant3TGeo::SetMaterialProperty>: New function - not yet implemented.
Warning in <TGeant3TGeo::SetMaterialProperty>: New function - not yet implemented.
Warning in <TGeant3TGeo::SetMaterialProperty>: New function - not yet implemented.
Warning in <TGeant3TGeo::SetMaterialProperty>: New function - not yet implemented.
Warning in <TGeant3TGeo::SetMaterialProperty>: New function - not yet implemented.

 Calculating cross section tables, see gphysi.dat for more information

 Cross section calculation concluded successfully
 **** GTRIGI: IEVENT=      1 IDEVT=      1 Random Seeds =      65539           0
Number of optical photons produced in this event : 2041
 **** GTRIGI: IEVENT=      2 IDEVT=      2 Random Seeds =  775984435           0
Number of optical photons produced in this event : 2023
 **** GTRIGI: IEVENT=      3 IDEVT=      3 Random Seeds = **********           0
Number of optical photons produced in this event : 2013
 **** GTRIGI: IEVENT=      4 IDEVT=      4 Random Seeds = -432976537           0
Number of optical photons produced in this event : 2089
 **** GTRIGI: IEVENT=      5 IDEVT=      5 Random Seeds = **********           0
Number of optical photons produced in this event : 1926
 **** GTRIGI: IEVENT=      6 IDEVT=      6 Random Seeds = **********           0
Number of optical photons produced in this event : 2116
 **** GTRIGI: IEVENT=      7 IDEVT=      7 Random Seeds = 1702742983           0
Number of optical photons produced in this event : 2014
 **** GTRIGI: IEVENT=      8 IDEVT=      8 Random Seeds = 1765269051           0
Number of optical photons produced in this event : 2135
 **** GTRIGI: IEVENT=      9 IDEVT=      9 Random Seeds = **********           0
Number of optical photons produced in this event : 2040
 **** GTRIGI: IEVENT=     10 IDEVT=     10 Random Seeds =  293992771           0
Number of optical photons produced in this event : 1997

This is the end of ROOT -- Goodbye

