  *******************************************
  *                                         *
  *        W E L C O M E  to  R O O T       *
  *                                         *
  *   Version   4.04/02       16 May 2005   *
  *                                         *
  *  You are welcome to visit our Web site  *
  *          http://root.cern.ch            *
  *                                         *
  *******************************************

FreeType Engine v2.1.3 used to render TrueType fonts.
Compiled for linux with thread support.

CINT/ROOT C/C++ Interpreter version 5.15.169, Mar 14 2005
Type ? for help. Commands must be C++ statements.
Enclose multiple statements between { }.

Welcome to the ROOT tutorials


Type ".x demos.C" to get a toolbar from which to execute the demos

Type ".x demoshelp.C" to see the help window


Processing run_g3.C...
Loading Geant3 libraries ...
Loading Geant3 libraries ... finished

 MZSTOR.  ZEBRA table base TAB(0) in /MZCC/ at adr   279556855    10A9B2F7 HEX

 MZSTOR.  Initialize Store  0  in /GCBANK/
          with Store/Table at absolute adrs   279579405   279556855
                                        HEX    10AA0B0D    10A9B2F7
                                        HEX        5662           0
                              relative adrs       22114           0
          with     1 Str. in     2 Links in   5300 Low words in 4999970 words.
          This store has a fence of   16 words.

 MZLOGL.  Set Log Level 0 for store  0
1*****  GEANT Version  3.21/11 Released on 100298
0*****  Correction Cradle Version  0.1100

 MZDIV.   Initialize Division  Constant  in Store  0
          NW/NWMAX=   20004000000,  MODE/KIND=  1  2
          Division 20 initialized.

 MZLINK.  Initialize Link Area  /GCLINK/  for Store  0 NL/NS=    20    20

 MZLINK.  Initialize Link Area  /GCSLNK/  for Store  0 NL/NS=   100   100
Geant3 has been created.
Target is 5 cm of lead 
There are 5 chambers in the tracker region. The chambers are 2 mm of Xenon gas
 The distance between chamber is 80 cm
 GGCLOS: Start automatic volume ordering:

 MZLINK.  Initialize Link Area  /GCHVIR/  for Store  0 NL/NS=     4     1

 MZLINK.  Initialize Link Area  /GCDINA/  for Store  0 NL/NS=     4     4

 Calculating cross section tables, see gphysi.dat for more information

 Cross section calculation concluded successfully
 **** GTRIGI: IEVENT=      1 IDEVT=      1 Random Seeds =      65539           0

-------->Hits Collection: in this event they are 9 hits in the tracker chambers: 
  trackID: 0  chamberNb: 0  energy deposit (keV): 96.4959  position (cm): (0.129251, 19.2887, -140.076)
  trackID: 0  chamberNb: 0  energy deposit (keV): 0.178953  position (cm): (0.129344, 19.3084, -140)
  trackID: 0  chamberNb: 1  energy deposit (keV): 104.712  position (cm): (0.228858, 45.6726, -60.1284)
  trackID: 0  chamberNb: 1  energy deposit (keV): 9.60851  position (cm): (0.228983, 45.7249, -59.9998)
  trackID: 0  chamberNb: 2  energy deposit (keV): 124.883  position (cm): (0.311901, 85.0079, 19.8017)
  trackID: 0  chamberNb: 2  energy deposit (keV): 0.748194  position (cm): (0.312016, 85.1238, 20.0003)
  trackID: 0  chamberNb: 3  energy deposit (keV): 171.811  position (cm): (0.36573, 140.387, 99.6954)
  trackID: 0  chamberNb: 3  energy deposit (keV): 0.601323  position (cm): (0.365916, 140.636, 100)
  trackID: 0  chamberNb: 4  energy deposit (keV): 1.03088  position (cm): (0.402585, 196.8, 160.207)
Ex02MCStack Info  
Total number of particles:   1
Number of primary particles: 1
Track ID:  0
TParticle: proton         p: 0.000000 0.000000 3.824870 Vertex: 0.000000e+00 0.000000e+00 -2.910000e+02    -1    -1
Primary    
Number of daughters: 0

 **** GTRIGI: IEVENT=      2 IDEVT=      2 Random Seeds = 1167773427           0

-------->Hits Collection: in this event they are 13 hits in the tracker chambers: 
  trackID: 0  chamberNb: 0  energy deposit (keV): 110.08  position (cm): (3.59251, 18.1746, -140.072)
  trackID: 0  chamberNb: 0  energy deposit (keV): 0.094054  position (cm): (3.59518, 18.1924, -140)
  trackID: 0  chamberNb: 1  energy deposit (keV): 107.118  position (cm): (6.59428, 43.5746, -60.1237)
  trackID: 0  chamberNb: 1  energy deposit (keV): 0.230266  position (cm): (6.59906, 43.6234, -59.9998)
  trackID: 0  chamberNb: 2  energy deposit (keV): 122.893  position (cm): (9.76998, 81.7682, 19.8083)
  trackID: 0  chamberNb: 2  energy deposit (keV): 0.210535  position (cm): (9.7778, 81.8772, 20.0003)
  trackID: 0  chamberNb: 3  energy deposit (keV): 246.892  position (cm): (13.1887, 135.626, 99.7066)
  trackID: 0  chamberNb: 3  energy deposit (keV): 0.591302  position (cm): (13.202, 135.859, 100)
  trackID: 0  chamberNb: 4  energy deposit (keV): 39.6976  position (cm): (16.2348, 193.488, 163.217)
  trackID: 0  chamberNb: 4  energy deposit (keV): 11.8122  position (cm): (16.3163, 195.147, 164.798)
  trackID: 0  chamberNb: 4  energy deposit (keV): 6.44184  position (cm): (16.3569, 195.974, 165.583)
  trackID: 0  chamberNb: 4  energy deposit (keV): 3.06351  position (cm): (16.3771, 196.388, 165.973)
  trackID: 0  chamberNb: 4  energy deposit (keV): 1.47759  position (cm): (16.3974, 196.801, 166.363)
Ex02MCStack Info  
Total number of particles:   1
Number of primary particles: 1
Track ID:  0
TParticle: proton         p: 0.000000 0.000000 3.824870 Vertex: 0.000000e+00 0.000000e+00 -2.910000e+02    -1    -1
Primary    
Number of daughters: 0

 **** GTRIGI: IEVENT=      3 IDEVT=      3 Random Seeds = 1459487811           0

-------->Hits Collection: in this event they are 8 hits in the tracker chambers: 
  trackID: 0  chamberNb: 0  energy deposit (keV): 91.1458  position (cm): (0.396123, 19.4497, -140.077)
  trackID: 0  chamberNb: 0  energy deposit (keV): 0.832624  position (cm): (0.396475, 19.4697, -140)
  trackID: 0  chamberNb: 1  energy deposit (keV): 126.093  position (cm): (0.766659, 46.0215, -60.1295)
  trackID: 0  chamberNb: 1  energy deposit (keV): 0.511105  position (cm): (0.767325, 46.0746, -59.9998)
  trackID: 0  chamberNb: 2  energy deposit (keV): 124.982  position (cm): (1.19745, 85.5675, 19.8004)
  trackID: 0  chamberNb: 2  energy deposit (keV): 0.304161  position (cm): (1.19809, 85.6848, 20.0003)
  trackID: 0  chamberNb: 3  energy deposit (keV): 147.463  position (cm): (1.4621, 141.233, 99.6932)
  trackID: 0  chamberNb: 3  energy deposit (keV): 1.53742  position (cm): (1.4631, 141.485, 100)
Ex02MCStack Info  
Total number of particles:   1
Number of primary particles: 1
Track ID:  0
TParticle: proton         p: 0.000000 0.000000 3.824870 Vertex: 0.000000e+00 0.000000e+00 -2.910000e+02    -1    -1
Primary    
Number of daughters: 0

 **** GTRIGI: IEVENT=      4 IDEVT=      4 Random Seeds = 2046772635           0

-------->Hits Collection: in this event they are 12 hits in the tracker chambers: 
  trackID: 0  chamberNb: 0  energy deposit (keV): 141.983  position (cm): (-1.41204, 18.2712, -140.073)
  trackID: 0  chamberNb: 0  energy deposit (keV): 0.183161  position (cm): (-1.41309, 18.2892, -140)
  trackID: 0  chamberNb: 1  energy deposit (keV): 129.078  position (cm): (-2.57684, 43.8038, -60.1246)
  trackID: 0  chamberNb: 1  energy deposit (keV): 0.188381  position (cm): (-2.57864, 43.8531, -59.9998)
  trackID: 0  chamberNb: 2  energy deposit (keV): 112.856  position (cm): (-3.76497, 82.1277, 19.8071)
  trackID: 0  chamberNb: 2  energy deposit (keV): 0.178363  position (cm): (-3.76812, 82.2379, 20.0003)
  trackID: 0  chamberNb: 3  energy deposit (keV): 256.708  position (cm): (-5.12495, 136.272, 99.7039)
  trackID: 0  chamberNb: 3  energy deposit (keV): 0.692306  position (cm): (-5.13035, 136.508, 100)
  trackID: 0  chamberNb: 4  energy deposit (keV): 17.4492  position (cm): (-6.34117, 193.937, 162.765)
  trackID: 0  chamberNb: 4  energy deposit (keV): 10.6526  position (cm): (-6.36916, 195.371, 164.129)
  trackID: 0  chamberNb: 4  energy deposit (keV): 7.43606  position (cm): (-6.38299, 196.086, 164.805)
  trackID: 0  chamberNb: 4  energy deposit (keV): 39.0123  position (cm): (-6.39684, 196.801, 165.48)
Ex02MCStack Info  
Total number of particles:   1
Number of primary particles: 1
Track ID:  0
TParticle: proton         p: 0.000000 0.000000 3.824870 Vertex: 0.000000e+00 0.000000e+00 -2.910000e+02    -1    -1
Primary    
Number of daughters: 0

 **** GTRIGI: IEVENT=      5 IDEVT=      5 Random Seeds = -933353501           0

-------->Hits Collection: in this event they are 10 hits in the tracker chambers: 
  trackID: 0  chamberNb: 0  energy deposit (keV): 106.731  position (cm): (1.50651, 18.9296, -140.075)
  trackID: 0  chamberNb: 0  energy deposit (keV): 0.0715187  position (cm): (1.50767, 18.9488, -140)
  trackID: 0  chamberNb: 1  energy deposit (keV): 109.52  position (cm): (2.75392, 45.1247, -60.128)
  trackID: 0  chamberNb: 1  energy deposit (keV): 0.0599556  position (cm): (2.75587, 45.1766, -59.9998)
  trackID: 0  chamberNb: 2  energy deposit (keV): 92.5597  position (cm): (4.01536, 84.3416, 19.8016)
  trackID: 0  chamberNb: 2  energy deposit (keV): 0.171998  position (cm): (4.01864, 84.4574, 20.0003)
  trackID: 0  chamberNb: 3  energy deposit (keV): 256.203  position (cm): (5.40757, 139.655, 99.6948)
  trackID: 0  chamberNb: 3  energy deposit (keV): 0.910365  position (cm): (5.41321, 139.904, 100)
  trackID: 0  chamberNb: 4  energy deposit (keV): 2.21105  position (cm): (6.59777, 196.351, 160.423)
  trackID: 0  chamberNb: 4  energy deposit (keV): 0.700872  position (cm): (6.60694, 196.801, 160.844)
Ex02MCStack Info  
Total number of particles:   1
Number of primary particles: 1
Track ID:  0
TParticle: proton         p: 0.000000 0.000000 3.824870 Vertex: 0.000000e+00 0.000000e+00 -2.910000e+02    -1    -1
Primary    
Number of daughters: 0


This is the end of ROOT -- Goodbye

