  *******************************************
  *                                         *
  *        W E L C O M E  to  R O O T       *
  *                                         *
  *   Version   4.00/03     23 April 2004   *
  *                                         *
  *  You are welcome to visit our Web site  *
  *          http://root.cern.ch            *
  *                                         *
  *******************************************

FreeType Engine v2.1.3 used to render TrueType fonts.
Compiled for linux.

CINT/ROOT C/C++ Interpreter version 5.15.128, Mar 16 2004
Type ? for help. Commands must be C++ statements.
Enclose multiple statements between { }.

Welcome to the ROOT tutorials


Type ".x demos.C" to get a toolbar from which to execute the demos

Type ".x demoshelp.C" to see the help window


Processing run_g4.C...
Loading Geant4 granular libraries ...
Loading Geant4 granular libraries ... finished

*************************************************************
 Geant4 version $Name: geant4-06-01 $   (25-March-2004)
                      Copyright : Geant4 Collaboration
                      Reference : NIM A 506 (2003), 250-303.
                            WWW : http://cern.ch/geant4
*************************************************************

Debug mode is switched on.
Visualization Manager instantiating...
Visualization Manager initialising...
Registering graphics systems...
Geant4 has been created.
SetNewValueToAll  

phot:  Total cross sections from Sandia parametrisation. 
kMCApplicationField
Target is 5 cm of lead 
There are 5 chambers in the tracker region. The chambers are 2 mm of Xenon gas
 The distance between chamber is 80 cm
G4ggclos: setting top-level VolTableEntry
Instantiated 9 volume table entries 
                      7 positions.
G4 Stat: instantiated 8 logical volumes 
                      7 physical volumes
### General physics constructed.
### Electromagnetic physics constructed.
### Muon physics constructed.
### EM physics for ions constructed.

###
You are using the Geant4 VMC hadronics physics
equivalent to ExN04HadronPhysics from Geant4 (version 6.0)
Note that this hadronic physics list is not optimized for any particular usage.
If you wish to have a starting point tailored for a particular area of work,
please use one of the available physics lists by use-case.
 More information can also be found from the Geant4 HyperNews.
###

### EM physics for hadrons constructed.
WRLD is not found in /
Sensitive detector /WRLD(1) has been created.
TARG is not found in /
Sensitive detector /TARG(2) has been created.
TRAK is not found in /
Sensitive detector /TRAK(3) has been created.
CHMB is not found in /
Sensitive detector /CHMB(4) has been created.

### No special controls in user limits are set.

**********************************************
    GEANT4 Geometry statistics: 
              8 logical volumes
              7 physical volumes
              3 materials
              3 user limits
              4 sensitive detectors
**********************************************

1 OpenGLImmediateX scene handlers extanct.
disabling TCL support
Got standard cmap
Window name: viewer-0 (OpenGLImmediateX)
WARNING: objects with visibility flag set to "false" will not be drawn!
  "/vis/viewer/set/culling global false" to Draw such objects.
  Also see other "/vis/viewer/set" commands.
Your "world" has no vis attributes or is marked as visible.
  For a better view of the contents, mark the world as invisible, e.g.,
  myWorldLogicalVol -> SetVisAttributes (G4VisAttributes::Invisible);
G4Scene::AddWorldIfEmpty: The scene was empty,
   "world" has been added.

compt:  Total cross sections from a parametrisation. Good description from 10 KeV to (100/Z) GeV. 
       Scattered gamma energy according Klein-Nishina.
        PhysicsTables from 1 keV to 100 GeV in 80 bins. 

conv:  Total cross sections from a parametrisation. Good description from 1.5 MeV to 100 GeV for all Z. 
        e+e- energies according Bethe-Heitler
        PhysicsTables from 1.022 MeV to 100 GeV in 100 bins. 

msc:  Model variant of multiple scattering for e-
      Lambda tables from 100 eV  to 100 TeV in 120 bins.
      Boundary algorithm is active with facrange= 0.199

eIoni:   tables are built for  e-
      dE/dx and range tables from 100 eV  to 100 TeV in 120 bins.
      Lambda tables from threshold to 100 TeV in 120 bins.
      Step function: finalRange(mm)= 1, dRoverRange= 1, integral: 1
      Delta cross sections from Moller+Bhabha, good description from 1 KeV to 100 GeV.

eBrem:   tables are built for  e-
      dE/dx and range tables from 100 eV  to 100 TeV in 120 bins.
      Lambda tables from threshold to 100 TeV in 120 bins.
      Total cross sections from a parametrisation based on the EEDL data library. 
      Good description from 1 KeV to 100 GeV, log scale extrapolation above 100 GeV.

eIoni:   tables are built for  e+
      dE/dx and range tables from 100 eV  to 100 TeV in 120 bins.
      Lambda tables from threshold to 100 TeV in 120 bins.
      Step function: finalRange(mm)= 1, dRoverRange= 1, integral: 1
      Delta cross sections from Moller+Bhabha, good description from 1 KeV to 100 GeV.

eBrem:   tables are built for  e+
      dE/dx and range tables from 100 eV  to 100 TeV in 120 bins.
      Lambda tables from threshold to 100 TeV in 120 bins.
      Total cross sections from a parametrisation based on the EEDL data library. 
      Good description from 1 KeV to 100 GeV, log scale extrapolation above 100 GeV.

annihil:  Total cross section from Heilter formula(annihilation into 2 photons).
        gamma energies sampled according Heitler
        PhysicsTables from 10 keV to 10 TeV in 100 bins. 

hIoni:   tables are built for  proton
      dE/dx and range tables from 100 eV  to 100 TeV in 120 bins.
      Lambda tables from threshold to 100 TeV in 120 bins.
      Step function: finalRange(mm)= 1, dRoverRange= 0.2, integral: 0
      Bether-Bloch model for Escaled > 2 MeV, parametrisation of Bragg peak below, Integral mode 0

msc:  Model variant of multiple scattering for proton
      Lambda tables from 100 eV  to 100 TeV in 120 bins.
      Boundary algorithm is active with facrange= 0.199

msc:  Model variant of multiple scattering for mu+
      Lambda tables from 100 eV  to 100 TeV in 120 bins.
      Boundary algorithm is active with facrange= 0.199

MuIoni:   tables are built for  mu+
      dE/dx and range tables from 100 eV  to 100 TeV in 120 bins.
      Lambda tables from threshold to 100 TeV in 120 bins.
      Step function: finalRange(mm)= 1, dRoverRange= 0.2, integral: 0
      Bether-Bloch model for E > 0.2 MeV, parametrisation of Bragg peak below, 
      radiative corrections for E > 1 GeV

MuBrems:   tables are built for  mu+
      dE/dx and range tables from 100 eV  to 100 TeV in 120 bins.
      Lambda tables from threshold to 100 TeV in 120 bins.
      Parametrised model 

MuPairProd:   tables are built for  mu+
      dE/dx and range tables from 100 eV  to 100 TeV in 120 bins.
      Lambda tables from threshold to 100 TeV in 120 bins.
      Parametrised model 
### All dEdx and Range tables are built #####

MuIoni:   tables are built for  mu-
      dE/dx and range tables from 100 eV  to 100 TeV in 120 bins.
      Lambda tables from threshold to 100 TeV in 120 bins.
      Step function: finalRange(mm)= 1, dRoverRange= 0.2, integral: 0
      Bether-Bloch model for E > 0.2 MeV, parametrisation of Bragg peak below, 
      radiative corrections for E > 1 GeV

msc:  Model variant of multiple scattering for pi-
      Lambda tables from 100 eV  to 100 TeV in 120 bins.
      Boundary algorithm is active with facrange= 0.199

========= Table of registered couples ==============================

Index : 0     used in the geometry : Yes     recalculation needed : No 
 Material : Air
 Range cuts        :  gamma 1 cm     e- 1 cm     e+ 1 cm 
 Energy thresholds :  gamma 990 eV     e- 8.07135 keV    e+ 8.07135 keV
 Region(s) which use this couple : 
    DefaultRegionForTheWorld

Index : 1     used in the geometry : Yes     recalculation needed : No 
 Material : Lead
 Range cuts        :  gamma 1 cm     e- 1 cm     e+ 1 cm 
 Energy thresholds :  gamma 282.478 keV    e- 15.0137 MeV    e+ 13.9447 MeV
 Region(s) which use this couple : 
    DefaultRegionForTheWorld

Index : 2     used in the geometry : Yes     recalculation needed : No 
 Material : XenonGas
 Range cuts        :  gamma 1 cm     e- 1 cm     e+ 1 cm 
 Energy thresholds :  gamma 2.47072 keV    e- 40.2614 keV    e+ 39.2823 keV
 Region(s) which use this couple : 
    DefaultRegionForTheWorld

====================================================================

### Run 0 start.
>>> Event 0

>>> End of Event 0
    7 trajectories stored.

-------->Hits Collection: in this event they are 7 hits in the tracker chambers: 
  trackID: 0  chamberNb: 0  energy deposit (keV): 105.351  position (cm): (-0.0124784, 16.1689, -140)
  trackID: 0  chamberNb: 1  energy deposit (keV): 105.591  position (cm): (-0.00133916, 39.8514, -60)
  trackID: 0  chamberNb: 2  energy deposit (keV): 97.6351  position (cm): (-0.0244065, 76.036, 20)
  trackID: 0  chamberNb: 3  energy deposit (keV): 26.999  position (cm): (-0.0836228, 115.43, 83.5172)
  trackID: 0  chamberNb: 3  energy deposit (keV): 138.371  position (cm): (-0.0933317, 127.48, 100)
  trackID: 0  chamberNb: 4  energy deposit (keV): 106.003  position (cm): (-0.166571, 196.8, 177.339)
  trackID: 2  chamberNb: 3  energy deposit (keV): 99.0914  position (cm): (-0.474611, 115.451, 83.5809)
Ex02MCStack Info  
Total number of particles:   7
Number of primary particles: 1
Track ID:  0
TParticle: proton         p: 0.000000 0.000000 3.824870 Vertex: 0.000000e+00 0.000000e+00 -2.910000e+02    -1    -1
Primary    
Number of daughters: 6

Track ID:  1
TParticle: e-             p: 0.000106 0.000045 -0.000032 Vertex: -2.268315e-01 2.316503e+02 2.078872e+02     0    -1
Mother:    proton  with ID: 0
Number of daughters: 0

Track ID:  2
TParticle: e-             p: -0.000261 0.000206 -0.000021 Vertex: -8.362284e-02 1.154298e+02 8.351718e+01     0    -1
Mother:    proton  with ID: 0
Number of daughters: 0

Track ID:  3
TParticle: e-             p: -0.000165 -0.000035 0.000039 Vertex: -1.109697e-02 1.978961e+01 -1.247914e+02     0    -1
Mother:    proton  with ID: 0
Number of daughters: 0

Track ID:  4
TParticle: e-             p: 0.000118 0.000088 0.000011 Vertex: -9.281601e-03 5.707310e+00 -2.000478e+02     0    -1
Mother:    proton  with ID: 0
Number of daughters: 0

Track ID:  5
TParticle: e-             p: -0.000046 0.000109 0.000007 Vertex: -2.534866e-03 2.310307e+00 -2.357310e+02     0    -1
Mother:    proton  with ID: 0
Number of daughters: 0

Track ID:  6
TParticle: e-             p: 0.000094 -0.000035 0.000011 Vertex: -1.557332e-03 2.704118e-01 -2.724240e+02     0    -1
Mother:    proton  with ID: 0
Number of daughters: 0

>>> Event 1

>>> End of Event 1
    5 trajectories stored.

-------->Hits Collection: in this event they are 6 hits in the tracker chambers: 
  trackID: 0  chamberNb: 0  energy deposit (keV): 94.715  position (cm): (-1.00641, 20.8941, -140)
  trackID: 0  chamberNb: 1  energy deposit (keV): 104.639  position (cm): (-1.77065, 48.8278, -60)
  trackID: 0  chamberNb: 2  energy deposit (keV): 96.4357  position (cm): (-2.56498, 90.0348, 20)
  trackID: 0  chamberNb: 3  energy deposit (keV): 59.717  position (cm): (-3.40314, 141.189, 91.8572)
  trackID: 0  chamberNb: 3  energy deposit (keV): 67.1655  position (cm): (-3.50725, 148.02, 100)
  trackID: 2  chamberNb: 3  energy deposit (keV): 47.7364  position (cm): (-3.52559, 141.184, 91.8976)
Ex02MCStack Info  
Total number of particles:   5
Number of primary particles: 1
Track ID:  0
TParticle: proton         p: 0.000000 0.000000 3.824870 Vertex: 0.000000e+00 0.000000e+00 -2.910000e+02    -1    -1
Primary    
Number of daughters: 4

Track ID:  1
TParticle: e-             p: 0.000009 0.000074 -0.000068 Vertex: -4.387081e+00 2.094367e+02 1.625037e+02     0    -1
Mother:    proton  with ID: 0
Number of daughters: 0

Track ID:  2
TParticle: e-             p: -0.000180 0.000129 -0.000045 Vertex: -3.403141e+00 1.411892e+02 9.185723e+01     0    -1
Mother:    proton  with ID: 0
Number of daughters: 0

Track ID:  3
TParticle: e-             p: 0.000218 0.000007 0.000057 Vertex: -2.851234e+00 1.063933e+02 4.540693e+01     0    -1
Mother:    proton  with ID: 0
Number of daughters: 0

Track ID:  4
TParticle: e-             p: -0.000038 0.000091 -0.000018 Vertex: -1.166208e+00 2.586934e+01 -1.228559e+02     0    -1
Mother:    proton  with ID: 0
Number of daughters: 0

>>> Event 2

>>> End of Event 2
    7 trajectories stored.

-------->Hits Collection: in this event they are 5 hits in the tracker chambers: 
  trackID: 0  chamberNb: 0  energy deposit (keV): 123.796  position (cm): (0.233785, 18.7303, -140)
  trackID: 0  chamberNb: 1  energy deposit (keV): 110.181  position (cm): (0.4221, 44.7123, -60)
  trackID: 0  chamberNb: 2  energy deposit (keV): 88.3184  position (cm): (0.624827, 83.5501, 20)
  trackID: 0  chamberNb: 3  energy deposit (keV): 104.865  position (cm): (0.836672, 138.376, 100)
  trackID: 0  chamberNb: 4  energy deposit (keV): 21.0552  position (cm): (1.02218, 196.8, 163.037)
Ex02MCStack Info  
Total number of particles:   7
Number of primary particles: 1
Track ID:  0
TParticle: proton         p: 0.000000 0.000000 3.824870 Vertex: 0.000000e+00 0.000000e+00 -2.910000e+02    -1    -1
Primary    
Number of daughters: 5

Track ID:  1
TParticle: e-             p: -0.000164 0.000041 -0.000001 Vertex: 9.925681e-01 1.870565e+02 1.536718e+02     0    -1
Mother:    proton  with ID: 0
Number of daughters: 0

Track ID:  2
TParticle: e-             p: 0.000014 0.000101 -0.000077 Vertex: 9.764381e-01 1.816574e+02 1.483033e+02     0    -1
Mother:    proton  with ID: 0
Number of daughters: 0

Track ID:  3
TParticle: e-             p: -0.000068 0.000065 -0.000044 Vertex: 9.203995e-01 1.634995e+02 1.292502e+02     0    -1
Mother:    proton  with ID: 0
Number of daughters: 0

Track ID:  4
TParticle: e-             p: -0.000296 -0.000054 0.000158 Vertex: 6.680208e-01 9.333951e+01 3.638015e+01     0    -1
Mother:    proton  with ID: 0
Number of daughters: 1

Track ID:  5
TParticle: e-             p: -0.000011 -0.000086 0.000081 Vertex: 3.124077e-01 9.324820e+01 3.638921e+01     4    -1
Mother:    e-  with ID: 4
Number of daughters: 0

Track ID:  6
TParticle: e-             p: -0.000092 -0.000056 0.000033 Vertex: 3.473023e-01 3.320840e+01 -9.105417e+01     0    -1
Mother:    proton  with ID: 0
Number of daughters: 0

>>> Event 3

>>> End of Event 3
    9 trajectories stored.

-------->Hits Collection: in this event they are 5 hits in the tracker chambers: 
  trackID: 0  chamberNb: 0  energy deposit (keV): 156.6  position (cm): (0.464393, 17.0603, -140)
  trackID: 0  chamberNb: 1  energy deposit (keV): 100.311  position (cm): (0.827989, 41.5076, -60)
  trackID: 0  chamberNb: 2  energy deposit (keV): 101.596  position (cm): (1.23828, 78.5615, 20)
  trackID: 0  chamberNb: 3  energy deposit (keV): 112.658  position (cm): (1.68368, 131.026, 100)
  trackID: 0  chamberNb: 4  energy deposit (keV): 98.1455  position (cm): (2.15338, 196.8, 172.66)
Ex02MCStack Info  
Total number of particles:   9
Number of primary particles: 1
Track ID:  0
TParticle: proton         p: 0.000000 0.000000 3.824870 Vertex: 0.000000e+00 0.000000e+00 -2.910000e+02    -1    -1
Primary    
Number of daughters: 7

Track ID:  1
TParticle: e-             p: -0.000411 0.000140 0.000104 Vertex: 2.351409e+00 2.311094e+02 2.027617e+02     0    -1
Mother:    proton  with ID: 0
Number of daughters: 1

Track ID:  2
TParticle: e-             p: -0.000034 0.000076 0.000099 Vertex: -4.349510e+00 2.298501e+02 2.027672e+02     1    -1
Mother:    e-  with ID: 1
Number of daughters: 0

Track ID:  3
TParticle: e-             p: -0.000088 -0.000071 0.000063 Vertex: 1.346395e+00 9.042714e+01 4.057507e+01     0    -1
Mother:    proton  with ID: 0
Number of daughters: 0

Track ID:  4
TParticle: e-             p: 0.000076 0.000060 -0.000014 Vertex: 8.910127e-01 4.657641e+01 -4.710191e+01     0    -1
Mother:    proton  with ID: 0
Number of daughters: 0

Track ID:  5
TParticle: e-             p: 0.000353 -0.000098 0.000178 Vertex: 5.829421e-01 2.375291e+01 -1.139249e+02     0    -1
Mother:    proton  with ID: 0
Number of daughters: 0

Track ID:  6
TParticle: e-             p: -0.000011 0.000092 -0.000007 Vertex: 2.902270e-01 9.475334e+00 -1.775795e+02     0    -1
Mother:    proton  with ID: 0
Number of daughters: 0

Track ID:  7
TParticle: e-             p: 0.000093 -0.000053 0.000020 Vertex: 2.798674e-01 9.086700e+00 -1.798875e+02     0    -1
Mother:    proton  with ID: 0
Number of daughters: 0

Track ID:  8
TParticle: e-             p: -0.000043 0.000082 0.000007 Vertex: -9.915197e-05 1.295994e-01 -2.781861e+02     0    -1
Mother:    proton  with ID: 0
Number of daughters: 0

>>> Event 4

>>> End of Event 4
    9 trajectories stored.

-------->Hits Collection: in this event they are 5 hits in the tracker chambers: 
  trackID: 0  chamberNb: 0  energy deposit (keV): 99.8402  position (cm): (0.109135, 18.0971, -140)
  trackID: 0  chamberNb: 1  energy deposit (keV): 97.28  position (cm): (0.194965, 43.4656, -60)
  trackID: 0  chamberNb: 2  energy deposit (keV): 115.304  position (cm): (0.27635, 81.6278, 20)
  trackID: 0  chamberNb: 3  energy deposit (keV): 123.036  position (cm): (0.37317, 135.501, 100)
  trackID: 0  chamberNb: 4  energy deposit (keV): 41.603  position (cm): (0.490337, 196.8, 166.875)
Ex02MCStack Info  
Total number of particles:   9
Number of primary particles: 1
Track ID:  0
TParticle: proton         p: 0.000000 0.000000 3.824870 Vertex: 0.000000e+00 0.000000e+00 -2.910000e+02    -1    -1
Primary    
Number of daughters: 8

Track ID:  1
TParticle: e-             p: -0.000096 -0.000018 0.000045 Vertex: 6.174732e-01 2.676310e+02 2.245099e+02     0    -1
Mother:    proton  with ID: 0
Number of daughters: 0

Track ID:  2
TParticle: e-             p: -0.000092 -0.000055 0.000070 Vertex: 4.134784e-01 1.548439e+02 1.232757e+02     0    -1
Mother:    proton  with ID: 0
Number of daughters: 0

Track ID:  3
TParticle: e-             p: 0.000069 -0.000061 0.000048 Vertex: 2.894117e-01 8.821652e+01 3.135206e+01     0    -1
Mother:    proton  with ID: 0
Number of daughters: 0

Track ID:  4
TParticle: e-             p: 0.000152 0.000037 0.000007 Vertex: 2.785478e-01 8.261039e+01 2.172828e+01     0    -1
Mother:    proton  with ID: 0
Number of daughters: 0

Track ID:  5
TParticle: e-             p: 0.000086 -0.000056 0.000037 Vertex: 2.164251e-01 5.254605e+01 -3.810047e+01     0    -1
Mother:    proton  with ID: 0
Number of daughters: 0

Track ID:  6
TParticle: e-             p: 0.000016 -0.000092 0.000027 Vertex: 7.682409e-02 1.145741e+01 -1.703485e+02     0    -1
Mother:    proton  with ID: 0
Number of daughters: 0

Track ID:  7
TParticle: e-             p: 0.000141 0.000066 0.000014 Vertex: 5.318843e-02 7.090371e+00 -1.957668e+02     0    -1
Mother:    proton  with ID: 0
Number of daughters: 0

Track ID:  8
TParticle: e-             p: 0.000142 0.000060 0.000023 Vertex: -2.565791e-06 2.087497e-02 -2.858674e+02     0    -1
Mother:    proton  with ID: 0
Number of daughters: 0

Time of this run:   User=0.07s Real=0.2s Sys=0.01s
Number of events processed: 5

This is the end of ROOT -- Goodbye

